<?xml version="1.0" encoding="UTF-8"?>
<!-- Generated by org.testng.reporters.JUnitReportReporter -->
<testsuite hostname="LAPTOP-QHM9BDJJ" failures="0" tests="2" name="Demo.Junit" time="0.009" errors="0" timestamp="2023-05-15T17:04:55 IST" skipped="0">
  <testcase classname="Demo.Junit" name="tc1" time="0.001"/>
  <system-out/>
  <testcase classname="Demo.Junit" name="tc" time="0.008"/>
  <system-out/>
</testsuite> <!-- Demo.Junit -->
