<?xml version="1.0" encoding="UTF-8"?>
<!-- Generated by org.testng.reporters.JUnitReportReporter -->
<testsuite hostname="LAPTOP-QHM9BDJJ" failures="0" tests="4" name="Demo.TrelloAPI" time="8.976" errors="0" timestamp="2023-05-15T17:05:14 IST" skipped="0">
  <testcase classname="Demo.TrelloAPI" name="CreateBoard" time="4.177"/>
  <system-out/>
  <testcase classname="Demo.TrelloAPI" name="getBoard" time="0.756"/>
  <system-out/>
  <testcase classname="Demo.TrelloAPI" name="UpdateBoard" time="1.690"/>
  <system-out/>
  <testcase classname="Demo.TrelloAPI" name="DeleteBoard" time="2.353"/>
  <system-out/>
</testsuite> <!-- Demo.TrelloAPI -->
