<?xml version="1.0" encoding="UTF-8"?>
<!-- Generated by org.testng.reporters.JUnitReportReporter -->
<testsuite hostname="LAPTOP-QHM9BDJJ" failures="0" tests="4" name="Demo.TrelloAPI" time="8.907" errors="0" timestamp="2023-04-28T10:37:49 IST" skipped="0">
  <testcase classname="Demo.TrelloAPI" name="CreateBoard" time="4.171"/>
  <system-out/>
  <testcase classname="Demo.TrelloAPI" name="getBoard" time="1.908"/>
  <system-out/>
  <testcase classname="Demo.TrelloAPI" name="UpdateBoard" time="0.833"/>
  <system-out/>
  <testcase classname="Demo.TrelloAPI" name="DeleteBoard" time="1.995"/>
  <system-out/>
</testsuite> <!-- Demo.TrelloAPI -->
