<?xml version="1.0" encoding="UTF-8"?>
<!-- Generated by org.testng.reporters.JUnitReportReporter -->
<testsuite hostname="LAPTOP-QHM9BDJJ" failures="0" tests="6" name="Demo.GithubBooks" time="8.759" errors="0" timestamp="2023-05-15T17:10:56 IST" skipped="1">
  <testcase classname="Demo.GithubBooks" name="GetStatus" time="2.744"/>
  <system-out/>
  <testcase classname="Demo.GithubBooks" name="GetBooks" time="1.430"/>
  <system-out/>
  <testcase classname="Demo.GithubBooks" name="GetSingleBooks" time="1.347"/>
  <system-out/>
  <testcase classname="Demo.GithubBooks" name="submitOrder" time="1.804"/>
  <system-out/>
  <testcase classname="Demo.GithubBooks" name="Get_an_Order" time="1.434"/>
  <system-out/>
  <testcase classname="Demo.GithubBooks" name="Update_an_Order">
    <skipped/>
  </testcase> <!-- Update_an_Order -->
  <system-out/>
</testsuite> <!-- Demo.GithubBooks -->
